<?xml version="1.0" encoding="UTF-8"?>
<!-- Generated by org.testng.reporters.JUnitXMLReporter -->
<testsuite ignored="0" hostname="MSI" failures="0" tests="4" name="Default test" time="18.657" errors="0" timestamp="2022-02-14T15:07:50 IST">
  <testcase classname="frameWorkParameterozation_Assertions.dataProvider" name="search" time="0.876"/>
  <testcase classname="frameWorkParameterozation_Assertions.dataProvider" name="search" time="0.869"/>
  <testcase classname="frameWorkParameterozation_Assertions.dataProvider" name="search" time="0.855"/>
  <testcase classname="frameWorkParameterozation_Assertions.dataProvider" name="search" time="0.868"/>
</testsuite> <!-- Default test -->
