<?xml version="1.0" encoding="UTF-8"?>
<testng-results ignored="0" total="4" passed="4" failed="0" skipped="0">
  <reporter-output>
  </reporter-output>
  <suite started-at="2022-02-14T15:07:31 IST" name="Default suite" finished-at="2022-02-14T15:07:50 IST" duration-ms="18657">
    <groups>
    </groups>
    <test started-at="2022-02-14T15:07:31 IST" name="Default test" finished-at="2022-02-14T15:07:50 IST" duration-ms="18657">
      <class name="frameWorkParameterozation_Assertions.dataProvider">
        <test-method is-config="true" signature="setUpData()[pri:0, instance:frameWorkParameterozation_Assertions.dataProvider@242b836]" started-at="2022-02-14T15:07:31 IST" name="setUpData" finished-at="2022-02-14T15:07:35 IST" duration-ms="3131" status="PASS">
          <reporter-output>
          </reporter-output>
        </test-method> <!-- setUpData -->
        <test-method signature="search(java.lang.String)[pri:0, instance:frameWorkParameterozation_Assertions.dataProvider@242b836]" started-at="2022-02-14T15:07:35 IST" name="search" data-provider="test-data" finished-at="2022-02-14T15:07:35 IST" duration-ms="876" status="PASS">
          <params>
            <param index="0">
              <value>
                <![CDATA[Python]]>
              </value>
            </param>
          </params>
          <reporter-output>
          </reporter-output>
        </test-method> <!-- search -->
        <test-method is-config="true" signature="tearDown()[pri:0, instance:frameWorkParameterozation_Assertions.dataProvider@242b836]" started-at="2022-02-14T15:07:35 IST" name="tearDown" finished-at="2022-02-14T15:07:36 IST" duration-ms="131" status="PASS">
          <reporter-output>
          </reporter-output>
        </test-method> <!-- tearDown -->
        <test-method is-config="true" signature="setUpData()[pri:0, instance:frameWorkParameterozation_Assertions.dataProvider@242b836]" started-at="2022-02-14T15:07:36 IST" name="setUpData" finished-at="2022-02-14T15:07:38 IST" duration-ms="2407" status="PASS">
          <reporter-output>
          </reporter-output>
        </test-method> <!-- setUpData -->
        <test-method signature="search(java.lang.String)[pri:0, instance:frameWorkParameterozation_Assertions.dataProvider@242b836]" started-at="2022-02-14T15:07:38 IST" name="search" data-provider="test-data" finished-at="2022-02-14T15:07:39 IST" duration-ms="869" status="PASS">
          <params>
            <param index="0">
              <value>
                <![CDATA[Java]]>
              </value>
            </param>
          </params>
          <reporter-output>
          </reporter-output>
        </test-method> <!-- search -->
        <test-method is-config="true" signature="tearDown()[pri:0, instance:frameWorkParameterozation_Assertions.dataProvider@242b836]" started-at="2022-02-14T15:07:39 IST" name="tearDown" finished-at="2022-02-14T15:07:43 IST" duration-ms="4156" status="PASS">
          <reporter-output>
          </reporter-output>
        </test-method> <!-- tearDown -->
        <test-method is-config="true" signature="setUpData()[pri:0, instance:frameWorkParameterozation_Assertions.dataProvider@242b836]" started-at="2022-02-14T15:07:43 IST" name="setUpData" finished-at="2022-02-14T15:07:45 IST" duration-ms="2510" status="PASS">
          <reporter-output>
          </reporter-output>
        </test-method> <!-- setUpData -->
        <test-method signature="search(java.lang.String)[pri:0, instance:frameWorkParameterozation_Assertions.dataProvider@242b836]" started-at="2022-02-14T15:07:45 IST" name="search" data-provider="test-data" finished-at="2022-02-14T15:07:46 IST" duration-ms="855" status="PASS">
          <params>
            <param index="0">
              <value>
                <![CDATA[SQL]]>
              </value>
            </param>
          </params>
          <reporter-output>
          </reporter-output>
        </test-method> <!-- search -->
        <test-method is-config="true" signature="tearDown()[pri:0, instance:frameWorkParameterozation_Assertions.dataProvider@242b836]" started-at="2022-02-14T15:07:46 IST" name="tearDown" finished-at="2022-02-14T15:07:46 IST" duration-ms="128" status="PASS">
          <reporter-output>
          </reporter-output>
        </test-method> <!-- tearDown -->
        <test-method is-config="true" signature="setUpData()[pri:0, instance:frameWorkParameterozation_Assertions.dataProvider@242b836]" started-at="2022-02-14T15:07:46 IST" name="setUpData" finished-at="2022-02-14T15:07:49 IST" duration-ms="2561" status="PASS">
          <reporter-output>
          </reporter-output>
        </test-method> <!-- setUpData -->
        <test-method signature="search(java.lang.String)[pri:0, instance:frameWorkParameterozation_Assertions.dataProvider@242b836]" started-at="2022-02-14T15:07:49 IST" name="search" data-provider="test-data" finished-at="2022-02-14T15:07:50 IST" duration-ms="868" status="PASS">
          <params>
            <param index="0">
              <value>
                <![CDATA[Infosys]]>
              </value>
            </param>
          </params>
          <reporter-output>
          </reporter-output>
        </test-method> <!-- search -->
        <test-method is-config="true" signature="tearDown()[pri:0, instance:frameWorkParameterozation_Assertions.dataProvider@242b836]" started-at="2022-02-14T15:07:50 IST" name="tearDown" finished-at="2022-02-14T15:07:50 IST" duration-ms="110" status="PASS">
          <reporter-output>
          </reporter-output>
        </test-method> <!-- tearDown -->
      </class> <!-- frameWorkParameterozation_Assertions.dataProvider -->
    </test> <!-- Default test -->
  </suite> <!-- Default suite -->
</testng-results>
